<?xml version="1.0" encoding="UTF-8"?>
<testsuite name="com.detroitlabs.wilkswingshop.data.FoodRepositoryTest" tests="1" skipped="0" failures="0" errors="0" timestamp="2022-03-25T12:39:07" hostname="Collins-MacBook-Pro.local" time="0.017">
  <properties/>
  <testcase name="shouldReturnJalaPenoPoppers()" classname="com.detroitlabs.wilkswingshop.data.FoodRepositoryTest" time="0.017"/>
  <system-out><![CDATA[]]></system-out>
  <system-err><![CDATA[]]></system-err>
</testsuite>
